This file contains any messages produced by compilers while
running configure, to aid debugging if configure makes a mistake.

It was created by OpenJDK configure openjdk, which was
generated by GNU Autoconf 2.71.  Invocation command line was

  $ /home/runner/work/jdk/jdk/configure --enable-option-checking=fatal --enable-debug

## --------- ##
## Platform. ##
## --------- ##

hostname = fv-az1306-462
uname -m = x86_64
uname -r = 6.11.0-1015-azure
uname -s = Linux
uname -v = #15~24.04.1-Ubuntu SMP Thu May  1 02:52:08 UTC 2025

/usr/bin/uname -p = x86_64
/bin/uname -X     = unknown

/bin/arch              = x86_64
/usr/bin/arch -k       = unknown
/usr/convex/getsysinfo = unknown
/usr/bin/hostinfo      = unknown
/bin/machine           = unknown
/usr/bin/oslevel       = unknown
/bin/universe          = unknown

PATH: /snap/bin/
PATH: /home/runner/.local/bin/
PATH: /opt/pipx_bin/
PATH: /home/runner/.cargo/bin/
PATH: /home/runner/.config/composer/vendor/bin/
PATH: /usr/local/.ghcup/bin/
PATH: /home/runner/.dotnet/tools/
PATH: /usr/local/sbin/
PATH: /usr/local/bin/
PATH: /usr/sbin/
PATH: /usr/bin/
PATH: /sbin/
PATH: /bin/
PATH: /usr/games/
PATH: /usr/local/games/
PATH: /snap/bin/


## ----------- ##
## Core tests. ##
## ----------- ##

configure:3596: looking for aux files: config.guess config.sub
configure:3609:  trying /home/runner/work/jdk/jdk/make/autoconf/build-aux/
configure:3638:   /home/runner/work/jdk/jdk/make/autoconf/build-aux/config.guess found
configure:3638:   /home/runner/work/jdk/jdk/make/autoconf/build-aux/config.sub found
configure:6513: Configuration created at Mon Jun 23 19:33:01 UTC 2025.
configure:6522: checking for basename
configure:6545: found /usr/bin/basename
configure:6557: result: /usr/bin/basename
configure:6577: checking for dirname
configure:6600: found /usr/bin/dirname
configure:6612: result: /usr/bin/dirname
configure:6632: checking for file
configure:6655: found /usr/bin/file
configure:6667: result: /usr/bin/file
configure:6687: checking for ldd
configure:6710: found /usr/bin/ldd
configure:6722: result: /usr/bin/ldd
configure:6752: checking for echo
configure:6760: result: echo [builtin]
configure:7641: checking for tr
configure:7885: result: /usr/bin/tr
configure:8530: checking for uname
configure:8774: result: /usr/bin/uname
configure:9419: checking for wc
configure:9663: result: /usr/bin/wc
configure:10300: checking for grep that handles long lines and -e
configure:10364: result: /usr/bin/grep
configure:10791: checking for egrep
configure:10859: result: /usr/bin/grep -E
configure:11290: checking for a sed that does not truncate output
configure:11360: result: /usr/bin/sed
configure:11804: checking for locale
configure:12048: result: /usr/bin/locale
configure:12686: checking for cygpath
configure:12937: result: [not found]
configure:12686: checking for wslpath
configure:12937: result: [not found]
configure:13568: checking for cmd.exe
configure:13819: result: [not found]
configure:14450: checking for lsb_release
configure:14694: result: /usr/bin/lsb_release
configure:15327: checking build system type
configure:15342: result: x86_64-pc-linux-gnu
configure:15362: checking host system type
configure:15376: result: x86_64-pc-linux-gnu
configure:15396: checking target system type
configure:15410: result: x86_64-pc-linux-gnu
configure:15721: checking openjdk-build os-cpu
configure:15723: result: linux-x86_64
configure:15727: checking openjdk-build C library
configure:15729: result: gnu
configure:16001: checking openjdk-target os-cpu
configure:16003: result: linux-x86_64
configure:16007: checking openjdk-target C library
configure:16009: result: gnu
configure:16061: checking compilation type
configure:16063: result: native
configure:16807: checking for top-level directory
configure:16809: result: /home/runner/work/jdk/jdk
configure:17291: checking for bash
configure:17535: result: /usr/bin/bash
configure:17899: checking for cat
configure:18143: result: /usr/bin/cat
configure:18788: checking for chmod
configure:19032: result: /usr/bin/chmod
configure:19677: checking for cp
configure:19921: result: /usr/bin/cp
configure:20566: checking for cut
configure:20810: result: /usr/bin/cut
configure:21455: checking for date
configure:21699: result: /usr/bin/date
configure:22344: checking for gdiff
configure:22595: result: [not found]
configure:22344: checking for diff
configure:22588: result: /usr/bin/diff
configure:23233: checking for expr
configure:23477: result: /usr/bin/expr
configure:24122: checking for find
configure:24366: result: /usr/bin/find
configure:25011: checking for gunzip
configure:25255: result: /usr/bin/gunzip
configure:25900: checking for pigz
configure:26144: result: /usr/bin/pigz
configure:26789: checking for head
configure:27033: result: /usr/bin/head
configure:27678: checking for ln
configure:27922: result: /usr/bin/ln
configure:28567: checking for ls
configure:28811: result: /usr/bin/ls
configure:29457: checking for gmkdir
configure:29708: result: [not found]
configure:29457: checking for mkdir
configure:29701: result: /usr/bin/mkdir
configure:30346: checking for mktemp
configure:30590: result: /usr/bin/mktemp
configure:31235: checking for mv
configure:31479: result: /usr/bin/mv
configure:32124: checking for gawk
configure:32368: result: /usr/bin/gawk
configure:33013: checking for printf
configure:33021: result: printf [builtin]
configure:33902: checking for rm
configure:34146: result: /usr/bin/rm
configure:34791: checking for rmdir
configure:35035: result: /usr/bin/rmdir
configure:35680: checking for sh
configure:35924: result: /usr/bin/sh
configure:36569: checking for sort
configure:36813: result: /usr/bin/sort
configure:37458: checking for tail
configure:37702: result: /usr/bin/tail
configure:38347: checking for gtar
configure:38598: result: [not found]
configure:38347: checking for tar
configure:38591: result: /usr/bin/tar
configure:39236: checking for tee
configure:39480: result: /usr/bin/tee
configure:40125: checking for touch
configure:40369: result: /usr/bin/touch
configure:41014: checking for xargs
configure:41258: result: /usr/bin/xargs
configure:41895: checking for fgrep
configure:41963: result: /usr/bin/grep -F
configure:42405: checking for cmake
configure:42649: result: /usr/local/bin/cmake
configure:43287: checking for df
configure:43531: result: /usr/bin/df
configure:44169: checking for git
configure:44413: result: /usr/bin/git
configure:45051: checking for nice
configure:45295: result: /usr/bin/nice
configure:45933: checking for greadlink
configure:46184: result: [not found]
configure:45933: checking for readlink
configure:46177: result: /usr/bin/readlink
configure:46815: checking for whoami
configure:47059: result: /usr/bin/whoami
configure:47699: checking for cmp
configure:47943: result: /usr/bin/cmp
configure:48581: checking for uniq
configure:48825: result: /usr/bin/uniq
configure:49454: CI environment variable set to true
configure:49742: checking for build environment type
configure:49822: result: ci, default (calculated from 'auto')
configure:49926: checking for locale to use
configure:49932: result: C.UTF-8 (recommended)
configure:50166: checking if custom source is suppressed (openjdk-only)
configure:50204: result: disabled, default
configure:50451: checking for --enable-debug
configure:50483: result: enabled, from command line
configure:50536: checking which debug level to use
configure:50550: result: fastdebug
configure:50609: checking which variants of the JVM to build
configure:50614: result: server
configure:50672: checking if absolute paths should be allowed in the build output
configure:50687: result: yes, debug build
configure:50988: checking for toolchain path
configure:50990: result: 
configure:54723: checking for sysroot
configure:54725: result: 
configure:54729: checking for extra path
configure:54731: result: 
configure:54758: checking where to store configuration
configure:54767: result: in default location
configure:54834: checking what configuration name to use
configure:54836: result: linux-x86_64-server-fastdebug
configure:54984: checking for zypper
configure:55235: result: [not found]
configure:54984: checking for apt-get
configure:55228: result: /usr/bin/apt-get
configure:55870: checking for pandoc
configure:56121: result: [not found]
configure:56806: checking for gmake
configure:57050: result: /usr/bin/gmake
configure:57686: Testing potential make at /usr/bin/gmake, found using gmake in PATH
configure:66635: Using GNU make at /usr/bin/gmake (version: GNU Make 4.3)
configure:66932: checking if make --output-sync is supported
configure:66939: result: yes
configure:66945: checking for make --output-sync value
configure:67023: result: none, default
configure:67132: checking if find supports -delete
configure:67153: result: yes
configure:67172: checking what type of tar was found
configure:67174: result: gnu
configure:67199: checking that grep (/usr/bin/grep) -Fx handles empty lines in the pattern list correctly
configure:67210: result: yes
configure:67240: checking for unzip
configure:67484: result: /usr/bin/unzip
configure:68131: checking for zip
configure:68375: result: /usr/bin/zip
configure:69022: checking for greadelf
configure:69273: result: [not found]
configure:69022: checking for readelf
configure:69266: result: /usr/bin/readelf
configure:69904: checking for dot
configure:70155: result: [not found]
configure:70786: checking for stat
configure:71030: result: /usr/bin/stat
configure:71668: checking for time
configure:71676: result: time [builtin]
configure:72550: checking for flock
configure:72794: result: /usr/bin/flock
configure:73434: checking for dtrace
configure:73685: result: [not found]
configure:74316: checking for gpatch
configure:74567: result: [not found]
configure:74316: checking for patch
configure:74560: result: /usr/bin/patch
configure:75192: checking if date is a GNU compatible version
configure:75196: result: yes
configure:79678: checking for ulimit
configure:79686: result: ulimit [builtin]
configure:80556: checking bash version
configure:80558: result: 5.2.21
configure:80568: checking if bash supports pipefail
configure:80572: result: yes
configure:80579: checking if bash supports errexit (-e)
configure:80583: result: yes
configure:80648: checking for pkg-config
configure:80671: found /usr/bin/pkg-config
configure:80683: result: /usr/bin/pkg-config
configure:80708: checking pkg-config is at least version 0.9.0
configure:80711: result: yes
configure:80764: checking for default LOG value
configure:80773: result: 
configure:81066: checking for JMOD compression type
configure:81144: result: zip-1, default
configure:81454: checking whether or not a JDK suitable for linking from the run-time image should be produced
configure:81492: result: disabled, default
configure:81754: checking if packaged modules are kept
configure:81786: result: enabled, default
configure:82108: checking for --with-extra-jlink-flags
configure:82169: result: <disabled>, default
configure:82568: checking for --with-build-user
configure:82646: result: runner, default
configure:83002: checking for --with-jdk-rc-name
configure:83080: result: OpenJDK Platform, default
configure:83445: checking for --with-vendor-name
configure:83523: result: N/A, default
configure:83881: checking for --with-jdk-rc-company-name
configure:83959: result: N/A, default
configure:84318: checking for --with-vendor-url
configure:84396: result: https://openjdk.org/, default
configure:84761: checking for --with-vendor-bug-url
configure:84839: result: https://bugreport.java.com/bugreport/, default
configure:85204: checking for --with-vendor-vm-bug-url
configure:85282: result: https://bugreport.java.com/bugreport/crash.jsp, default
configure:85642: checking for --with-version-string
configure:85717: result: <none>, default
configure:86242: checking for --with-version-feature
configure:86320: result: 26, default
configure:87020: checking for --with-version-date
configure:87098: result: 2026-03-17, default
configure:87457: checking for --with-vendor-version-string
configure:87518: result: <disabled>, default
configure:87891: checking for --with-macosx-bundle-name-base
configure:87969: result: OpenJDK, default
configure:88332: checking for --with-macosx-bundle-id-base
configure:88410: result: net.java.openjdk-internal, default
configure:88778: checking for --with-macosx-bundle-build-version
configure:88856: result: 0, default
configure:88948: checking for version string
configure:88950: result: 26-internal-adhoc.runner.jdk
configure:89574: Found potential Boot JDK using JAVA_HOME
configure:89840: Potential Boot JDK found at /usr/lib/jvm/temurin-17-jdk-amd64 is incorrect JDK version (openjdk version "17.0.15" 2025-04-15 OpenJDK Runtime Environment Temurin-17.0.15+6 (build 17.0.15+6) OpenJDK 64-Bit Server VM Temurin-17.0.15+6 (build 17.0.15+6, mixed mode, sharing)); ignoring
configure:89842: (Your Boot JDK version must be one of: 24 25 26)
configure:91076: checking for javac
configure:91320: result: /usr/bin/javac
configure:91967: checking for java
configure:92211: result: /usr/bin/java
configure:92900: Found potential Boot JDK using java(c) in PATH
configure:93166: Potential Boot JDK found at /usr/lib/jvm/temurin-17-jdk-amd64 is incorrect JDK version (openjdk version "17.0.15" 2025-04-15 OpenJDK Runtime Environment Temurin-17.0.15+6 (build 17.0.15+6) OpenJDK 64-Bit Server VM Temurin-17.0.15+6 (build 17.0.15+6, mixed mode, sharing)); ignoring
configure:93168: (Your Boot JDK version must be one of: 24 25 26)
configure:98815: Found potential Boot JDK using well-known locations (in /usr/lib/jvm/temurin-8-jdk-amd64)
configure:99080: Potential Boot JDK found at /usr/lib/jvm/temurin-8-jdk-amd64 is incorrect JDK version (openjdk version "1.8.0_452" OpenJDK Runtime Environment (Temurin)(build 1.8.0_452-b09) OpenJDK 64-Bit Server VM (Temurin)(build 25.452-b09, mixed mode)); ignoring
configure:99082: (Your Boot JDK version must be one of: 24 25 26)
configure:98815: Found potential Boot JDK using well-known locations (in /usr/lib/jvm/temurin-21-jdk-amd64)
configure:99080: Potential Boot JDK found at /usr/lib/jvm/temurin-21-jdk-amd64 is incorrect JDK version (openjdk version "21.0.7" 2025-04-15 LTS OpenJDK Runtime Environment Temurin-21.0.7+6 (build 21.0.7+6-LTS) OpenJDK 64-Bit Server VM Temurin-21.0.7+6 (build 21.0.7+6-LTS, mixed mode, sharing)); ignoring
configure:99082: (Your Boot JDK version must be one of: 24 25 26)
configure:98815: Found potential Boot JDK using well-known locations (in /usr/lib/jvm/temurin-17-jdk-amd64)
configure:99080: Potential Boot JDK found at /usr/lib/jvm/temurin-17-jdk-amd64 is incorrect JDK version (openjdk version "17.0.15" 2025-04-15 OpenJDK Runtime Environment Temurin-17.0.15+6 (build 17.0.15+6) OpenJDK 64-Bit Server VM Temurin-17.0.15+6 (build 17.0.15+6, mixed mode, sharing)); ignoring
configure:99082: (Your Boot JDK version must be one of: 24 25 26)
configure:98815: Found potential Boot JDK using well-known locations (in /usr/lib/jvm/temurin-11-jdk-amd64)
configure:99080: Potential Boot JDK found at /usr/lib/jvm/temurin-11-jdk-amd64 is incorrect JDK version (openjdk version "11.0.27" 2025-04-15 OpenJDK Runtime Environment Temurin-11.0.27+6 (build 11.0.27+6) OpenJDK 64-Bit Server VM Temurin-11.0.27+6 (build 11.0.27+6, mixed mode)); ignoring
configure:99082: (Your Boot JDK version must be one of: 24 25 26)
configure:99945: Could not find a valid Boot JDK. OpenJDK distributions are available at http://jdk.java.net/.
configure:99947: This might be fixed by explicitly setting --with-boot-jdk
configure:99949: error: Cannot continue

## ---------------- ##
## Cache variables. ##
## ---------------- ##

ac_cv_build=x86_64-pc-linux-gnu
ac_cv_env_ALSA_CFLAGS_set=
ac_cv_env_ALSA_CFLAGS_value=
ac_cv_env_ALSA_LIBS_set=
ac_cv_env_ALSA_LIBS_value=
ac_cv_env_AR_set=
ac_cv_env_AR_value=
ac_cv_env_AS_set=
ac_cv_env_AS_value=
ac_cv_env_AWK_set=
ac_cv_env_AWK_value=
ac_cv_env_BASH_set=set
ac_cv_env_BASH_value=/usr/bin/bash
ac_cv_env_BUILD_AR_set=
ac_cv_env_BUILD_AR_value=
ac_cv_env_BUILD_AS_set=
ac_cv_env_BUILD_AS_value=
ac_cv_env_BUILD_CC_set=
ac_cv_env_BUILD_CC_value=
ac_cv_env_BUILD_CXX_set=
ac_cv_env_BUILD_CXX_value=
ac_cv_env_BUILD_LD_set=
ac_cv_env_BUILD_LD_value=
ac_cv_env_BUILD_NM_set=
ac_cv_env_BUILD_NM_value=
ac_cv_env_BUILD_OBJCOPY_set=
ac_cv_env_BUILD_OBJCOPY_value=
ac_cv_env_BUILD_STRIP_set=
ac_cv_env_BUILD_STRIP_value=
ac_cv_env_CAPSTONE_CFLAGS_set=
ac_cv_env_CAPSTONE_CFLAGS_value=
ac_cv_env_CAPSTONE_LIBS_set=
ac_cv_env_CAPSTONE_LIBS_value=
ac_cv_env_CAT_set=
ac_cv_env_CAT_value=
ac_cv_env_CCACHE_set=
ac_cv_env_CCACHE_value=
ac_cv_env_CC_set=
ac_cv_env_CC_value=
ac_cv_env_CFLAGS_set=
ac_cv_env_CFLAGS_value=
ac_cv_env_CHECK_GMAKE_set=
ac_cv_env_CHECK_GMAKE_value=
ac_cv_env_CHECK_MAKE_set=
ac_cv_env_CHECK_MAKE_value=
ac_cv_env_CHECK_TOOLSDIR_GMAKE_set=
ac_cv_env_CHECK_TOOLSDIR_GMAKE_value=
ac_cv_env_CHECK_TOOLSDIR_MAKE_set=
ac_cv_env_CHECK_TOOLSDIR_MAKE_value=
ac_cv_env_CHMOD_set=
ac_cv_env_CHMOD_value=
ac_cv_env_CMAKE_set=
ac_cv_env_CMAKE_value=
ac_cv_env_CMD_set=
ac_cv_env_CMD_value=
ac_cv_env_CMP_set=
ac_cv_env_CMP_value=
ac_cv_env_CODESIGN_set=
ac_cv_env_CODESIGN_value=
ac_cv_env_CPPFLAGS_set=
ac_cv_env_CPPFLAGS_value=
ac_cv_env_CPP_set=
ac_cv_env_CPP_value=
ac_cv_env_CP_set=
ac_cv_env_CP_value=
ac_cv_env_CUT_set=
ac_cv_env_CUT_value=
ac_cv_env_CXXCPP_set=
ac_cv_env_CXXCPP_value=
ac_cv_env_CXXFILT_set=
ac_cv_env_CXXFILT_value=
ac_cv_env_CXXFLAGS_set=
ac_cv_env_CXXFLAGS_value=
ac_cv_env_CXX_set=
ac_cv_env_CXX_value=
ac_cv_env_DATE_set=
ac_cv_env_DATE_value=
ac_cv_env_DF_set=
ac_cv_env_DF_value=
ac_cv_env_DIFF_set=
ac_cv_env_DIFF_value=
ac_cv_env_DOT_set=
ac_cv_env_DOT_value=
ac_cv_env_DSYMUTIL_set=
ac_cv_env_DSYMUTIL_value=
ac_cv_env_DTRACE_set=
ac_cv_env_DTRACE_value=
ac_cv_env_DUMPBIN_set=
ac_cv_env_DUMPBIN_value=
ac_cv_env_ECHO_set=
ac_cv_env_ECHO_value=
ac_cv_env_EGREP_set=
ac_cv_env_EGREP_value=
ac_cv_env_EXPR_set=
ac_cv_env_EXPR_value=
ac_cv_env_FGREP_set=
ac_cv_env_FGREP_value=
ac_cv_env_FIND_set=
ac_cv_env_FIND_value=
ac_cv_env_FLOCK_set=
ac_cv_env_FLOCK_value=
ac_cv_env_FREETYPE_CFLAGS_set=
ac_cv_env_FREETYPE_CFLAGS_value=
ac_cv_env_FREETYPE_LIBS_set=
ac_cv_env_FREETYPE_LIBS_value=
ac_cv_env_GIT_set=
ac_cv_env_GIT_value=
ac_cv_env_GREP_set=
ac_cv_env_GREP_value=
ac_cv_env_GUNZIP_set=
ac_cv_env_GUNZIP_value=
ac_cv_env_GZIP_set=
ac_cv_env_GZIP_value=
ac_cv_env_HARFBUZZ_CFLAGS_set=
ac_cv_env_HARFBUZZ_CFLAGS_value=
ac_cv_env_HARFBUZZ_LIBS_set=
ac_cv_env_HARFBUZZ_LIBS_value=
ac_cv_env_HEAD_set=
ac_cv_env_HEAD_value=
ac_cv_env_ICECC_CMD_set=
ac_cv_env_ICECC_CMD_value=
ac_cv_env_ICECC_CREATE_ENV_set=
ac_cv_env_ICECC_CREATE_ENV_value=
ac_cv_env_ICECC_WRAPPER_set=
ac_cv_env_ICECC_WRAPPER_value=
ac_cv_env_INSTALL_NAME_TOOL_set=
ac_cv_env_INSTALL_NAME_TOOL_value=
ac_cv_env_JAR_set=
ac_cv_env_JAR_value=
ac_cv_env_JAVAC_CHECK_set=
ac_cv_env_JAVAC_CHECK_value=
ac_cv_env_JAVAC_set=
ac_cv_env_JAVAC_value=
ac_cv_env_JAVADOC_set=
ac_cv_env_JAVADOC_value=
ac_cv_env_JAVA_CHECK_set=
ac_cv_env_JAVA_CHECK_value=
ac_cv_env_JAVA_set=
ac_cv_env_JAVA_value=
ac_cv_env_JTREGEXE_set=
ac_cv_env_JTREGEXE_value=
ac_cv_env_LCMS_CFLAGS_set=
ac_cv_env_LCMS_CFLAGS_value=
ac_cv_env_LCMS_LIBS_set=
ac_cv_env_LCMS_LIBS_value=
ac_cv_env_LDFLAGS_set=
ac_cv_env_LDFLAGS_value=
ac_cv_env_LD_set=
ac_cv_env_LD_value=
ac_cv_env_LIBFFI_CFLAGS_set=
ac_cv_env_LIBFFI_CFLAGS_value=
ac_cv_env_LIBFFI_LIBS_set=
ac_cv_env_LIBFFI_LIBS_value=
ac_cv_env_LIBJPEG_CFLAGS_set=
ac_cv_env_LIBJPEG_CFLAGS_value=
ac_cv_env_LIBJPEG_LIBS_set=
ac_cv_env_LIBJPEG_LIBS_value=
ac_cv_env_LIBS_set=
ac_cv_env_LIBS_value=
ac_cv_env_LIB_set=
ac_cv_env_LIB_value=
ac_cv_env_LIPO_set=
ac_cv_env_LIPO_value=
ac_cv_env_LLD_set=
ac_cv_env_LLD_value=
ac_cv_env_LLVM_CONFIG_set=
ac_cv_env_LLVM_CONFIG_value=
ac_cv_env_LN_set=
ac_cv_env_LN_value=
ac_cv_env_LOCALE_set=
ac_cv_env_LOCALE_value=
ac_cv_env_LSB_RELEASE_set=
ac_cv_env_LSB_RELEASE_value=
ac_cv_env_LS_set=
ac_cv_env_LS_value=
ac_cv_env_MAKE_set=
ac_cv_env_MAKE_value=
ac_cv_env_METALLIB_set=
ac_cv_env_METALLIB_value=
ac_cv_env_METAL_set=
ac_cv_env_METAL_value=
ac_cv_env_MIG_set=
ac_cv_env_MIG_value=
ac_cv_env_MKDIR_set=
ac_cv_env_MKDIR_value=
ac_cv_env_MKTEMP_set=
ac_cv_env_MKTEMP_value=
ac_cv_env_MT_set=
ac_cv_env_MT_value=
ac_cv_env_MV_set=
ac_cv_env_MV_value=
ac_cv_env_NICE_set=
ac_cv_env_NICE_value=
ac_cv_env_NM_set=
ac_cv_env_NM_value=
ac_cv_env_OBJCOPY_set=
ac_cv_env_OBJCOPY_value=
ac_cv_env_OBJDUMP_set=
ac_cv_env_OBJDUMP_value=
ac_cv_env_OTOOL_set=
ac_cv_env_OTOOL_value=
ac_cv_env_PANDOC_set=
ac_cv_env_PANDOC_value=
ac_cv_env_PATCH_set=
ac_cv_env_PATCH_value=
ac_cv_env_PATHTOOL_set=
ac_cv_env_PATHTOOL_value=
ac_cv_env_PKGHANDLER_set=
ac_cv_env_PKGHANDLER_value=
ac_cv_env_PKG_CONFIG_set=
ac_cv_env_PKG_CONFIG_value=
ac_cv_env_PNG_CFLAGS_set=
ac_cv_env_PNG_CFLAGS_value=
ac_cv_env_PNG_LIBS_set=
ac_cv_env_PNG_LIBS_value=
ac_cv_env_POTENTIAL_CC_set=
ac_cv_env_POTENTIAL_CC_value=
ac_cv_env_POTENTIAL_CXX_set=
ac_cv_env_POTENTIAL_CXX_value=
ac_cv_env_PRINTF_set=
ac_cv_env_PRINTF_value=
ac_cv_env_RC_set=
ac_cv_env_RC_value=
ac_cv_env_READELF_set=
ac_cv_env_READELF_value=
ac_cv_env_READLINK_set=
ac_cv_env_READLINK_value=
ac_cv_env_RMDIR_set=
ac_cv_env_RMDIR_value=
ac_cv_env_RM_set=
ac_cv_env_RM_value=
ac_cv_env_SED_set=
ac_cv_env_SED_value=
ac_cv_env_SETFILE_set=
ac_cv_env_SETFILE_value=
ac_cv_env_SH_set=
ac_cv_env_SH_value=
ac_cv_env_SORT_set=
ac_cv_env_SORT_value=
ac_cv_env_STAT_set=
ac_cv_env_STAT_value=
ac_cv_env_STRIP_set=
ac_cv_env_STRIP_value=
ac_cv_env_TAIL_set=
ac_cv_env_TAIL_value=
ac_cv_env_TAR_set=
ac_cv_env_TAR_value=
ac_cv_env_TEE_set=
ac_cv_env_TEE_value=
ac_cv_env_TIDY_set=
ac_cv_env_TIDY_value=
ac_cv_env_TIME_set=
ac_cv_env_TIME_value=
ac_cv_env_TOUCH_set=
ac_cv_env_TOUCH_value=
ac_cv_env_TR_set=
ac_cv_env_TR_value=
ac_cv_env_ULIMIT_set=
ac_cv_env_ULIMIT_value=
ac_cv_env_UNAME_set=
ac_cv_env_UNAME_value=
ac_cv_env_UNIQ_set=
ac_cv_env_UNIQ_value=
ac_cv_env_UNZIP_set=
ac_cv_env_UNZIP_value=
ac_cv_env_WC_set=
ac_cv_env_WC_value=
ac_cv_env_WHOAMI_set=
ac_cv_env_WHOAMI_value=
ac_cv_env_XARGS_set=
ac_cv_env_XARGS_value=
ac_cv_env_XATTR_set=
ac_cv_env_XATTR_value=
ac_cv_env_XCODEBUILD_set=
ac_cv_env_XCODEBUILD_value=
ac_cv_env_XCRUN_set=
ac_cv_env_XCRUN_value=
ac_cv_env_XMKMF_set=
ac_cv_env_XMKMF_value=
ac_cv_env_ZIPEXE_set=
ac_cv_env_ZIPEXE_value=
ac_cv_env_build_alias_set=
ac_cv_env_build_alias_value=
ac_cv_env_host_alias_set=
ac_cv_env_host_alias_value=
ac_cv_env_target_alias_set=
ac_cv_env_target_alias_value=
ac_cv_host=x86_64-pc-linux-gnu
ac_cv_path_BASENAME=/usr/bin/basename
ac_cv_path_DIRNAME=/usr/bin/dirname
ac_cv_path_EGREP='/usr/bin/grep -E'
ac_cv_path_FGREP='/usr/bin/grep -F'
ac_cv_path_FILE=/usr/bin/file
ac_cv_path_GREP=/usr/bin/grep
ac_cv_path_LDD=/usr/bin/ldd
ac_cv_path_SED=/usr/bin/sed
ac_cv_path_ac_pt_PKG_CONFIG=/usr/bin/pkg-config
ac_cv_target=x86_64-pc-linux-gnu

## ----------------- ##
## Output variables. ##
## ----------------- ##

ADLC_LANGSTD_CXXFLAGS=''
ADLC_LDFLAGS=''
ALLOW_ABSOLUTE_PATHS_IN_OUTPUT='true'
ALSA_CFLAGS=''
ALSA_LIBS=''
AR=''
ARFLAGS=''
AS=''
ASAN_ENABLED=''
ASFLAGS_DEBUG_SYMBOLS=''
AUTOCONF='/usr/bin/autoconf'
AWK='/usr/bin/gawk'
BASENAME='/usr/bin/basename'
BASH='/usr/bin/bash'
BASH_ARGS=' -o pipefail -e'
BASIC_ASFLAGS=''
BOOTCYCLE_JVM_ARGS_BIG=''
BOOT_JDK='/usr/lib/jvm/temurin-11-jdk-amd64'
BOOT_JDK_JAR_SUPPORTS_DATE=''
BOOT_JDK_SOURCETARGET=''
BUILD_AR=''
BUILD_AS=''
BUILD_CC=''
BUILD_CC_DISABLE_WARNING_PREFIX=''
BUILD_CDS_ARCHIVE=''
BUILD_CDS_ARCHIVE_COH=''
BUILD_CXX=''
BUILD_ENV='ci'
BUILD_FAILURE_HANDLER=''
BUILD_ICECC=''
BUILD_JAVA_FLAGS_SMALL=''
BUILD_JDK=''
BUILD_JTREG_TEST_THREAD_FACTORY=''
BUILD_LD=''
BUILD_LDCXX=''
BUILD_NM=''
BUILD_OBJCOPY=''
BUILD_STRIP=''
BUILD_SYSROOT_CFLAGS=''
BUILD_SYSROOT_LDFLAGS=''
CACERTS_FILE=''
CACERTS_SRC=''
CAPSTONE_ARCH_AARCH64_NAME=''
CAPSTONE_CFLAGS=''
CAPSTONE_LIBS=''
CAT='/usr/bin/cat'
CC=''
CCACHE=''
CC_OUT_OPTION=''
CC_VERSION_NUMBER=''
CFLAGS=''
CFLAGS_CCACHE=''
CFLAGS_DEBUG_SYMBOLS=''
CFLAGS_JDKEXE=''
CFLAGS_JDKLIB=''
CFLAGS_WARNINGS_ARE_ERRORS=''
CHECK_GMAKE='/usr/bin/gmake'
CHECK_MAKE=''
CHECK_TOOLSDIR_GMAKE=''
CHECK_TOOLSDIR_MAKE=''
CHMOD='/usr/bin/chmod'
CLASSPATH=''
CMAKE='/usr/local/bin/cmake'
CMD=''
CMP='/usr/bin/cmp'
CODESIGN=''
COMPANY_NAME='N/A'
COMPILE_TYPE='native'
COMPILE_WITH_DEBUG_SYMBOLS=''
COMPRESS_JARS=''
CONFIGURESUPPORT_OUTPUTDIR='/home/runner/work/jdk/jdk/build/linux-x86_64-server-fastdebug/configure-support'
CONFIGURE_COMMAND_LINE='--enable-debug'
CONFIGURE_START_DIR='/home/runner/work/jdk/jdk'
CONF_NAME='linux-x86_64-server-fastdebug'
COPYRIGHT_YEAR=''
COPY_DEBUG_SYMBOLS=''
CP='/usr/bin/cp'
CPP=''
CPPFLAGS=''
CREATE_BUILDJDK=''
CUPS_CFLAGS=''
CUT='/usr/bin/cut'
CXX=''
CXXCPP=''
CXXFILT=''
CXXFLAGS=''
CXXFLAGS_JDKEXE=''
CXXFLAGS_JDKLIB=''
CXX_O_FLAG_HI=''
CXX_O_FLAG_HIGHEST=''
CXX_O_FLAG_HIGHEST_JVM=''
CXX_O_FLAG_NONE=''
CXX_O_FLAG_NORM=''
CXX_O_FLAG_SIZE=''
CXX_VERSION_NUMBER=''
C_O_FLAG_HI=''
C_O_FLAG_HIGHEST=''
C_O_FLAG_HIGHEST_JVM=''
C_O_FLAG_NONE=''
C_O_FLAG_NORM=''
C_O_FLAG_SIZE=''
DATE='/usr/bin/date'
DATE_WHEN_CONFIGURED='Mon Jun 23 19:33:01 UTC 2025'
DEBUG_LEVEL='fastdebug'
DEFAULT_LOG=''
DEFAULT_MAKE_TARGET='exploded-image'
DEFINE_CROSS_COMPILE_ARCH=''
DEFS=''
DEVKIT_LIB_DIR=''
DF='/usr/bin/df'
DIFF='/usr/bin/diff'
DIRNAME='/usr/bin/dirname'
DISABLED_WARNINGS=''
DISABLED_WARNINGS_C=''
DISABLED_WARNINGS_CXX=''
DISABLE_WARNING_PREFIX=''
DOCS_REFERENCE_JAVADOC=''
DOT=''
DSYMUTIL=''
DTRACE=''
DUMPBIN=''
ECHO='echo'
ECHO_C=''
ECHO_N='-n'
ECHO_T=''
EGREP='/usr/bin/grep -E'
ENABLE_COMPATIBLE_CDS_ALIGNMENT=''
ENABLE_FALLBACK_LINKER=''
ENABLE_FULL_DOCS=''
ENABLE_GENERATE_CLASSLIST=''
ENABLE_HEADLESS_ONLY=''
ENABLE_HSDIS_BUNDLING=''
ENABLE_JAVAC_SERVER=''
ENABLE_LIBFFI_BUNDLING=''
ENABLE_LINKTIME_GC=''
ENABLE_PANDOC='false'
EXCLUDE_TRANSLATIONS=''
EXECUTABLE_SUFFIX=''
EXEEXT=''
EXPR='/usr/bin/expr'
EXTERNAL_BUILDJDK=''
EXTRA_ASFLAGS=''
EXTRA_CFLAGS=''
EXTRA_CXXFLAGS=''
EXTRA_LDFLAGS=''
FDLIBM_CFLAGS=''
FGREP='/usr/bin/grep -F'
FILE='/usr/bin/file'
FILE_MACRO_CFLAGS=''
FIND='/usr/bin/find'
FIND_DELETE='-delete'
FIXPATH=''
FIXPATH_BASE=''
FLOCK='/usr/bin/flock'
FONTCONFIG_CFLAGS=''
FREETYPE_CFLAGS=''
FREETYPE_LIBS=''
FREETYPE_TO_USE=''
GCOV_ENABLED=''
GENDEPS_FLAGS=''
GIFLIB_CFLAGS=''
GIFLIB_LIBS=''
GIT='/usr/bin/git'
GREP='/usr/bin/grep'
GTEST_FRAMEWORK_SRC=''
GUNZIP='/usr/bin/gunzip'
GZIP='/usr/bin/pigz'
HARFBUZZ_CFLAGS=''
HARFBUZZ_LIBS=''
HEAD='/usr/bin/head'
HOTSPOT_BUILD_CPU='x86_64'
HOTSPOT_BUILD_CPU_ARCH='x86'
HOTSPOT_BUILD_CPU_DEFINE='AMD64'
HOTSPOT_BUILD_LIBC='gnu'
HOTSPOT_BUILD_OS='linux'
HOTSPOT_BUILD_OS_TYPE='posix'
HOTSPOT_BUILD_TIME=''
HOTSPOT_DEBUG_LEVEL='fastdebug'
HOTSPOT_OVERRIDE_LIBPATH=''
HOTSPOT_TARGET_CPU='x86_64'
HOTSPOT_TARGET_CPU_ARCH='x86'
HOTSPOT_TARGET_CPU_DEFINE='AMD64'
HOTSPOT_TARGET_LIBC='gnu'
HOTSPOT_TARGET_OS='linux'
HOTSPOT_TARGET_OS_TYPE='posix'
HOTSPOT_TOOLCHAIN_TYPE=''
HOTSPOT_VM_DISTRO='OpenJDK'
HSDIS_BACKEND=''
HSDIS_CFLAGS=''
HSDIS_LDFLAGS=''
HSDIS_LIBS=''
ICECC=''
ICECC_CMD=''
ICECC_CREATE_ENV=''
ICECC_WRAPPER=''
ICONV_CFLAGS=''
ICONV_LDFLAGS=''
ICONV_LIBS=''
IMPORT_MODULES_CLASSES=''
IMPORT_MODULES_CMDS=''
IMPORT_MODULES_CONF=''
IMPORT_MODULES_LEGAL=''
IMPORT_MODULES_LIBS=''
IMPORT_MODULES_MAKE=''
IMPORT_MODULES_MAN=''
IMPORT_MODULES_SRC=''
INCLUDE_COMPILER2=''
INCLUDE_JVMCI=''
INCLUDE_SA=''
INSTALL_NAME_TOOL=''
ISO_8601_FORMAT_STRING=''
IS_GNU_DATE='yes'
IS_GNU_TIME='yes'
JAR=''
JAVA=''
JAVAC=''
JAVAC_CHECK='/usr/bin/javac'
JAVADOC=''
JAVA_CHECK='/usr/bin/java'
JAVA_FLAGS=''
JAVA_FLAGS_BIG=''
JAVA_FLAGS_SMALL=''
JAVA_TOOL_FLAGS_SMALL=''
JAVA_WARNINGS_AS_ERRORS=''
JCOV_ENABLED=''
JCOV_FILTERS=''
JCOV_HOME=''
JCOV_INPUT_JDK=''
JCOV_MODULES=''
JDK_ARCH_ABI_PROP_NAME=''
JDK_RC_COMPANY_NAME='N/A'
JDK_RC_NAME='OpenJDK Platform'
JDK_RC_PLATFORM_NAME='Platform'
JDK_SOURCE_TARGET_VERSION='26'
JIB_HOME=''
JLINK=''
JLINK_KEEP_PACKAGED_MODULES='true'
JLINK_PRODUCE_LINKABLE_RUNTIME='false'
JLINK_USER_EXTRA_FLAGS=''
JMH_COMMONS_MATH_JAR=''
JMH_CORE_JAR=''
JMH_GENERATOR_JAR=''
JMH_JOPT_SIMPLE_JAR=''
JMH_VERSION=''
JMOD=''
JMOD_COMPRESS='zip-1'
JOBS=''
JTREGEXE=''
JTREG_JDK=''
JT_HOME=''
JVM_ASFLAGS=''
JVM_CFLAGS=''
JVM_FEATURES_client=''
JVM_FEATURES_core=''
JVM_FEATURES_custom=''
JVM_FEATURES_minimal=''
JVM_FEATURES_server=''
JVM_FEATURES_zero=''
JVM_LDFLAGS=''
JVM_LIBS=''
JVM_VARIANTS='server'
JVM_VARIANT_MAIN='server'
LAUNCHER_NAME='openjdk'
LCMS_CFLAGS=''
LCMS_LIBS=''
LD=''
LDCXX=''
LDD='/usr/bin/ldd'
LDFLAGS=''
LDFLAGS_CXX_JDK=''
LDFLAGS_CXX_PARTIAL_LINKING=''
LDFLAGS_JDKEXE=''
LDFLAGS_JDKLIB=''
LDFLAGS_STATIC_JDK=''
LIB=''
LIBCXX=''
LIBDL=''
LIBFFI_CFLAGS=''
LIBFFI_LIBS=''
LIBFFI_LIB_FILE=''
LIBFLAGS=''
LIBJPEG_CFLAGS=''
LIBJPEG_LIBS=''
LIBM=''
LIBOBJS=''
LIBPTHREAD=''
LIBRARY_PREFIX=''
LIBS=''
LIBZIP_CAN_USE_MMAP=''
LIBZ_CFLAGS=''
LIBZ_LIBS=''
LIPO=''
LLD=''
LLVM_CONFIG=''
LN='/usr/bin/ln'
LOCALE='/usr/bin/locale'
LOCALE_USED='C.UTF-8'
LS='/usr/bin/ls'
LSAN_ENABLED=''
LSB_RELEASE='/usr/bin/lsb_release'
LTLIBOBJS=''
MACHINE_FLAG=''
MACOSX_BUNDLE_BUILD_VERSION='0'
MACOSX_BUNDLE_ID_BASE='net.java.openjdk-internal'
MACOSX_BUNDLE_NAME_BASE='OpenJDK'
MACOSX_CODESIGN_IDENTITY=''
MACOSX_CODESIGN_MODE=''
MACOSX_VERSION_MAX=''
MACOSX_VERSION_MIN=''
MAKE='/usr/bin/gmake'
MEMORY_SIZE=''
METAL=''
METALLIB=''
MIG=''
MKDIR='/usr/bin/mkdir'
MKTEMP='/usr/bin/mktemp'
MSVCP_DLL=''
MSVCR_DLL=''
MT=''
MV='/usr/bin/mv'
NICE='/usr/bin/nice'
NM=''
NMFLAGS=''
NUM_CORES=''
OBJCOPY=''
OBJDUMP=''
OBJEXT=''
OBJ_SUFFIX=''
OPENJDK_BUILD_ABI='gnu'
OPENJDK_BUILD_ADLC_LANGSTD_CXXFLAGS=''
OPENJDK_BUILD_AUTOCONF_NAME='x86_64-pc-linux-gnu'
OPENJDK_BUILD_BUNDLE_PLATFORM='linux-x64'
OPENJDK_BUILD_CFLAGS_JDKEXE=''
OPENJDK_BUILD_CFLAGS_JDKLIB=''
OPENJDK_BUILD_CPU='x86_64'
OPENJDK_BUILD_CPU_ARCH='x86'
OPENJDK_BUILD_CPU_AUTOCONF='x86_64'
OPENJDK_BUILD_CPU_BITS='64'
OPENJDK_BUILD_CPU_ENDIAN='little'
OPENJDK_BUILD_CPU_LEGACY='amd64'
OPENJDK_BUILD_CPU_LEGACY_LIB='amd64'
OPENJDK_BUILD_CPU_OSARCH='amd64'
OPENJDK_BUILD_CXXFLAGS_JDKEXE=''
OPENJDK_BUILD_CXXFLAGS_JDKLIB=''
OPENJDK_BUILD_FDLIBM_CFLAGS=''
OPENJDK_BUILD_JDKLIB_LIBS=''
OPENJDK_BUILD_JVM_ASFLAGS=''
OPENJDK_BUILD_JVM_CFLAGS=''
OPENJDK_BUILD_JVM_LDFLAGS=''
OPENJDK_BUILD_JVM_LIBS=''
OPENJDK_BUILD_LDFLAGS_JDKEXE=''
OPENJDK_BUILD_LDFLAGS_JDKLIB=''
OPENJDK_BUILD_LDFLAGS_STATIC_JDK=''
OPENJDK_BUILD_LIBC='gnu'
OPENJDK_BUILD_OS='linux'
OPENJDK_BUILD_OS_ENV='linux'
OPENJDK_BUILD_OS_INCLUDE_SUBDIR='linux'
OPENJDK_BUILD_OS_TYPE='unix'
OPENJDK_BUILD_SVE_CFLAGS=''
OPENJDK_MODULE_TARGET_PLATFORM='linux-amd64'
OPENJDK_TARGET_ABI='gnu'
OPENJDK_TARGET_AUTOCONF_NAME='x86_64-pc-linux-gnu'
OPENJDK_TARGET_BUNDLE_PLATFORM='linux-x64'
OPENJDK_TARGET_CPU='x86_64'
OPENJDK_TARGET_CPU_ARCH='x86'
OPENJDK_TARGET_CPU_AUTOCONF='x86_64'
OPENJDK_TARGET_CPU_BITS='64'
OPENJDK_TARGET_CPU_ENDIAN='little'
OPENJDK_TARGET_CPU_LEGACY='amd64'
OPENJDK_TARGET_CPU_LEGACY_LIB='amd64'
OPENJDK_TARGET_CPU_OSARCH='amd64'
OPENJDK_TARGET_LIBC='gnu'
OPENJDK_TARGET_OS='linux'
OPENJDK_TARGET_OS_ENV='linux'
OPENJDK_TARGET_OS_INCLUDE_SUBDIR='linux'
OPENJDK_TARGET_OS_TYPE='unix'
OPENJDK_TARGET_OS_UPPERCASE='LINUX'
ORIGINAL_PATH='/snap/bin:/home/runner/.local/bin:/opt/pipx_bin:/home/runner/.cargo/bin:/home/runner/.config/composer/vendor/bin:/usr/local/.ghcup/bin:/home/runner/.dotnet/tools:/usr/local/sbin:/usr/local/bin:/usr/sbin:/usr/bin:/sbin:/bin:/usr/games:/usr/local/games:/snap/bin'
OS_VERSION_MAJOR='6'
OS_VERSION_MICRO='0'
OS_VERSION_MINOR='11'
OTOOL=''
OUTPUTDIR='/home/runner/work/jdk/jdk/build/linux-x86_64-server-fastdebug'
OUTPUT_SYNC='none'
OUTPUT_SYNC_SUPPORTED='true'
PACKAGE_BUGREPORT='build-dev@openjdk.org'
PACKAGE_NAME='OpenJDK'
PACKAGE_STRING='OpenJDK openjdk'
PACKAGE_TARNAME='openjdk'
PACKAGE_URL='https://openjdk.org'
PACKAGE_VERSION='openjdk'
PANDOC=''
PANDOC_MARKDOWN_FLAG=''
PATCH='/usr/bin/patch'
PATHTOOL=''
PATH_SEPARATOR=':'
PKGHANDLER='/usr/bin/apt-get'
PKG_CONFIG='/usr/bin/pkg-config'
PNG_CFLAGS=''
PNG_LIBS=''
POTENTIAL_CC=''
POTENTIAL_CXX=''
PRINTF='printf'
PRODUCT_NAME='OpenJDK'
PRODUCT_SUFFIX='Runtime Environment'
RC=''
RCFLAGS=''
READELF='/usr/bin/readelf'
READLINK='/usr/bin/readlink'
REAL_CONFIGURE_COMMAND_EXEC_FULL=''
REAL_CONFIGURE_COMMAND_EXEC_SHORT=''
REAL_CONFIGURE_COMMAND_LINE=''
RELEASE_FILE_LIBC='gnu'
RELEASE_FILE_OS_ARCH='x86_64'
RELEASE_FILE_OS_NAME='Linux'
REPRODUCIBLE_CFLAGS=''
RM='/usr/bin/rm -f'
RMDIR='/usr/bin/rmdir'
SED='/usr/bin/sed'
SETFILE=''
SET_EXECUTABLE_ORIGIN=''
SET_SHARED_LIBRARY_NAME=''
SET_SHARED_LIBRARY_ORIGIN=''
SH='/usr/bin/sh'
SHARED_LIBRARY_FLAGS=''
SHARED_LIBRARY_SUFFIX=''
SHELL='/usr/bin/bash'
SHIP_DEBUG_SYMBOLS=''
SIGNING_HOOK=''
SORT='/usr/bin/sort'
SOURCE_DATE=''
SOURCE_DATE_ISO_8601=''
SPEC='/home/runner/work/jdk/jdk/build/linux-x86_64-server-fastdebug/spec.gmk'
STAT='/usr/bin/stat'
STATIC_LIBRARY_SUFFIX=''
STRIP=''
STRIPFLAGS=''
SVE_CFLAGS=''
SYSROOT=''
SYSROOT_CFLAGS=''
SYSROOT_LDFLAGS=''
TAIL='/usr/bin/tail'
TAR='/usr/bin/tar'
TAR_INCLUDE_PARAM='T'
TAR_SUPPORTS_TRANSFORM='true'
TAR_TYPE='gnu'
TEE='/usr/bin/tee'
TEST_JOBS=''
TIDY=''
TIME='time'
TOOLCHAIN_PATH=''
TOOLCHAIN_TYPE=''
TOOLCHAIN_VERSION=''
TOPDIR='/home/runner/work/jdk/jdk'
TOUCH='/usr/bin/touch'
TR='/usr/bin/tr'
UBSAN_CFLAGS=''
UBSAN_ENABLED=''
UBSAN_LDFLAGS=''
UCRT_DLL_DIR=''
ULIMIT='ulimit'
UNAME='/usr/bin/uname'
UNIQ='/usr/bin/uniq'
UNLIMITED_CRYPTO=''
UNZIP='/usr/bin/unzip'
USERNAME='runner'
USE_EXTERNAL_HARFBUZZ=''
USE_EXTERNAL_LCMS=''
USE_EXTERNAL_LIBGIF=''
USE_EXTERNAL_LIBJPEG=''
USE_EXTERNAL_LIBPNG=''
USE_EXTERNAL_LIBZ=''
USE_PRECOMPILED_HEADER=''
VALID_JVM_FEATURES=''
VALID_JVM_VARIANTS='server client minimal core zero custom'
VCRUNTIME_1_DLL=''
VENDOR_URL='https://openjdk.org/'
VENDOR_URL_BUG='https://bugreport.java.com/bugreport/'
VENDOR_URL_VM_BUG='https://bugreport.java.com/bugreport/crash.jsp'
VENDOR_VERSION_STRING=''
VERSION_BUILD=''
VERSION_CLASSFILE_MAJOR='70'
VERSION_CLASSFILE_MINOR='0'
VERSION_DATE='2026-03-17'
VERSION_DOCS_API_SINCE='11'
VERSION_EXTRA1='0'
VERSION_EXTRA2='0'
VERSION_EXTRA3='0'
VERSION_FEATURE='26'
VERSION_INTERIM='0'
VERSION_IS_GA='false'
VERSION_NUMBER='26'
VERSION_NUMBER_FOUR_POSITIONS='26.0.0.0'
VERSION_OPT='adhoc.runner.jdk'
VERSION_PATCH='0'
VERSION_PRE='internal'
VERSION_SHORT='26-internal'
VERSION_STRING='26-internal-adhoc.runner.jdk'
VERSION_UPDATE='0'
WARNINGS_AS_ERRORS=''
WC='/usr/bin/wc'
WHOAMI='/usr/bin/whoami'
WINENV_PREFIX=''
WINENV_ROOT=''
WORKSPACE_ROOT='/home/runner/work/jdk/jdk'
XARGS='/usr/bin/xargs'
XATTR=''
XCODEBUILD=''
XCRUN=''
XMKMF=''
X_CFLAGS=''
X_EXTRA_LIBS=''
X_LIBS=''
X_PRE_LIBS=''
ZIPEXE='/usr/bin/zip'
ZIP_EXTERNAL_DEBUG_SYMBOLS=''
ac_ct_CC=''
ac_ct_CXX=''
bindir='${exec_prefix}/bin'
build='x86_64-pc-linux-gnu'
build_alias=''
build_cpu='x86_64'
build_os='linux-gnu'
build_vendor='pc'
datadir='${datarootdir}'
datarootdir='${prefix}/share'
docdir='${datarootdir}/doc/${PACKAGE_TARNAME}'
dvidir='${docdir}'
exec_prefix='NONE'
host='x86_64-pc-linux-gnu'
host_alias=''
host_cpu='x86_64'
host_os='linux-gnu'
host_vendor='pc'
htmldir='${docdir}'
includedir='${prefix}/include'
infodir='${datarootdir}/info'
libdir='${exec_prefix}/lib'
libexecdir='${exec_prefix}/libexec'
localedir='${datarootdir}/locale'
localstatedir='${prefix}/var'
mandir='${datarootdir}/man'
oldincludedir='/usr/include'
pdfdir='${docdir}'
prefix='NONE'
program_transform_name='s,x,x,'
psdir='${docdir}'
runstatedir='${localstatedir}/run'
sbindir='${exec_prefix}/sbin'
sharedstatedir='${prefix}/com'
sysconfdir='${prefix}/etc'
target='x86_64-pc-linux-gnu'
target_alias=''
target_cpu='x86_64'
target_os='linux-gnu'
target_vendor='pc'

## ----------- ##
## confdefs.h. ##
## ----------- ##

/* confdefs.h */
#define PACKAGE_NAME "OpenJDK"
#define PACKAGE_TARNAME "openjdk"
#define PACKAGE_VERSION "openjdk"
#define PACKAGE_STRING "OpenJDK openjdk"
#define PACKAGE_BUGREPORT "build-dev@openjdk.org"
#define PACKAGE_URL "https://openjdk.org"

configure: exit 1
